[debug] [2023-02-09T20:47:57.529Z] ----------------------------------------------------------------------
[debug] [2023-02-09T20:47:57.532Z] Command:       /Users/macbook/.volta/tools/image/node/16.19.0/bin/node /Users/macbook/.volta/tools/image/packages/firebase-tools/bin/firebase deploy
[debug] [2023-02-09T20:47:57.533Z] CLI Version:   11.22.0
[debug] [2023-02-09T20:47:57.533Z] Platform:      darwin
[debug] [2023-02-09T20:47:57.533Z] Node Version:  v16.19.0
[debug] [2023-02-09T20:47:57.535Z] Time:          Fri Feb 10 2023 05:47:57 GMT+0900 (日本標準時)
[debug] [2023-02-09T20:47:57.535Z] ----------------------------------------------------------------------
[debug] 
[debug] [2023-02-09T20:47:57.638Z] > command requires scopes: ["email","openid","https://www.googleapis.com/auth/cloudplatformprojects.readonly","https://www.googleapis.com/auth/firebase","https://www.googleapis.com/auth/cloud-platform"]
[debug] [2023-02-09T20:47:57.639Z] > authorizing via signed-in user (shunshun.43@gmail.com)
[debug] [2023-02-09T20:47:57.639Z] [iam] checking project dtmersns for permissions ["firebase.projects.get","firebasehosting.sites.update"]
[debug] [2023-02-09T20:47:57.641Z] > refreshing access token with scopes: []
[debug] [2023-02-09T20:47:57.643Z] >>> [apiv2][query] POST https://www.googleapis.com/oauth2/v3/token [none]
[debug] [2023-02-09T20:47:57.643Z] >>> [apiv2][body] POST https://www.googleapis.com/oauth2/v3/token [omitted]
[debug] [2023-02-09T20:47:57.928Z] <<< [apiv2][status] POST https://www.googleapis.com/oauth2/v3/token 200
[debug] [2023-02-09T20:47:57.929Z] <<< [apiv2][body] POST https://www.googleapis.com/oauth2/v3/token [omitted]
[debug] [2023-02-09T20:47:57.944Z] >>> [apiv2][query] POST https://cloudresourcemanager.googleapis.com/v1/projects/dtmersns:testIamPermissions [none]
[debug] [2023-02-09T20:47:57.945Z] >>> [apiv2][(partial)header] POST https://cloudresourcemanager.googleapis.com/v1/projects/dtmersns:testIamPermissions x-goog-quota-user=projects/dtmersns
[debug] [2023-02-09T20:47:57.945Z] >>> [apiv2][body] POST https://cloudresourcemanager.googleapis.com/v1/projects/dtmersns:testIamPermissions {"permissions":["firebase.projects.get","firebasehosting.sites.update"]}
[debug] [2023-02-09T20:47:58.749Z] <<< [apiv2][status] POST https://cloudresourcemanager.googleapis.com/v1/projects/dtmersns:testIamPermissions 200
[debug] [2023-02-09T20:47:58.749Z] <<< [apiv2][body] POST https://cloudresourcemanager.googleapis.com/v1/projects/dtmersns:testIamPermissions {"permissions":["firebase.projects.get","firebasehosting.sites.update"]}
[debug] [2023-02-09T20:47:58.751Z] >>> [apiv2][query] GET https://firebase.googleapis.com/v1beta1/projects/dtmersns [none]
[debug] [2023-02-09T20:47:59.240Z] <<< [apiv2][status] GET https://firebase.googleapis.com/v1beta1/projects/dtmersns 200
[debug] [2023-02-09T20:47:59.240Z] <<< [apiv2][body] GET https://firebase.googleapis.com/v1beta1/projects/dtmersns {"projectId":"dtmersns","projectNumber":"58109023156","displayName":"dtmersns","name":"projects/dtmersns","resources":{"hostingSite":"dtmersns","storageBucket":"dtmersns.appspot.com","locationId":"asia-northeast1"},"state":"ACTIVE","etag":"1_b6814065-105a-4142-8ed1-fd22455dc891"}
[debug] [2023-02-09T20:48:03.261Z] >>> [apiv2][query] GET https://firebasehosting.googleapis.com/v1beta1/projects/dtmersns/sites pageToken=&pageSize=10
